<?xml version="1.0" encoding="UTF-8"?>
<!-- Generated by org.testng.reporters.JUnitReportReporter -->
<testsuite skipped="0" hostname="Vaibhav" name="com.inetbanking.testCases.TC_LoginTest_001" tests="1" failures="0" timestamp="12 Sep 2022 13:22:14 GMT" time="2.776" errors="0">
  <testcase name="loginTest" time="2.776" classname="com.inetbanking.testCases.TC_LoginTest_001"/>
</testsuite> <!-- com.inetbanking.testCases.TC_LoginTest_001 -->
